C51 COMPILER V7.50   1                                                                     05/14/2014 10:33:22 PAGE 1   


C51 COMPILER V7.50, COMPILATION OF MODULE 1
OBJECT MODULE PLACED IN 1.OBJ
COMPILER INVOKED BY: C:\Program Files\keil\C51\BIN\C51.EXE 1.c BROWSE DEBUG OBJECTEXTEND

line level    source

   1          #include<reg51.h>
   2          char led_mod[]={0x76,0x79,0x38,0x38,0x3f};
   3          char shu_mod[]={0xf0,0xe8,0xd8,0xb8,0x78};
   4          void delay(unsigned int i)
   5          {
   6   1              unsigned int j=0;
   7   1              for(;i>0;i--)
   8   1              for(j=0;j<125;j--);
   9   1      }
  10          void main()
  11          {
  12   1              int i=0;
  13   1              while(1)
  14   1       { 
  15   2              for(i=0;i<5;i++)
  16   2              {
  17   3                      P3=shu_mod[i];
  18   3                      P2=led_mod[i];
  19   3                      delay(30);
  20   3               }
  21   2        }
  22   1      }


MODULE INFORMATION:   STATIC OVERLAYABLE
   CODE SIZE        =     73    ----
   CONSTANT SIZE    =   ----    ----
   XDATA SIZE       =   ----    ----
   PDATA SIZE       =   ----    ----
   DATA SIZE        =     10    ----
   IDATA SIZE       =   ----    ----
   BIT SIZE         =   ----    ----
END OF MODULE INFORMATION.


C51 COMPILATION COMPLETE.  0 WARNING(S),  0 ERROR(S)
