
ASEM-51 V1.3                                         Copyright (c) 2002 by W.W. Heinz                                         PAGE 1





       MCS-51 Family Macro Assembler   A S E M - 5 1   V 1.3
       =====================================================



	Source File:	code1\3.ASM
	Object File:	code1\3.hex
	List File:	code1\3.lst



 Line  I  Addr  Code            Source

    1:	  0000	7D 03		              MOV R5,#3
    2:	  0002	75 A0 00	LOOP1:   MOV P2,#0
    3:	  0005	11 13		              ACALL DELAY
    4:	  0007	75 A0 FF	              MOV P2,#0FFH
    5:	  000A	11 13		              ACALL DELAY
    6:	  000C	DD F4		              DJNZ R5,LOOP1
    7:	  000E	85 90 A0	LOOP2:  MOV P2,P1
    8:	  0011	80 FB			 SJMP LOOP2
    9:
   10:	  0013	78 64		DELAY:   MOV R0,#100
   11:	  0015	79 32		DEL0:     MOV R1,#50
   12:	  0017	7A 19		DEL1:     MOV R2,#25
   13:	  0019	DA FE		DEL2:     DJNZ R2,DEL2
   14:	  001B	D9 FA		             DJNZ R1,DEL1
   15:	  001D	D8 F6		             DJNZ R0,DEL0
   16:	  001F	22		             RET
   17:				             END





                     register banks used:  ---

                     no errors




ASEM-51 V1.3                                         Copyright (c) 2002 by W.W. Heinz                                         PAGE 2





	       L I S T   O F   S Y M B O L S
	       =============================


SYMBOL				  TYPE     VALUE	LINE
------------------------------------------------------------
??ASEM_51			  NUMBER    8051
??VERSION			  NUMBER    0130
AC				  BIT	      D6
ACC				  DATA	      E0
B				  DATA	      F0
CY				  BIT	      D7
DEL0				  CODE	    0015	  11
DEL1				  CODE	    0017	  12
DEL2				  CODE	    0019	  13
DELAY				  CODE	    0013	  10
DPH				  DATA	      83
DPL				  DATA	      82
EA				  BIT	      AF
ES				  BIT	      AC
ET0				  BIT	      A9
ET1				  BIT	      AB
EX0				  BIT	      A8
EX1				  BIT	      AA
EXTI0				  CODE	    0003
EXTI1				  CODE	    0013
F0				  BIT	      D5
IE				  DATA	      A8
IE0				  BIT	      89
IE1				  BIT	      8B
INT0				  BIT	      B2
INT1				  BIT	      B3
IP				  DATA	      B8
IT0				  BIT	      88
IT1				  BIT	      8A
LOOP1				  CODE	    0002	   2
LOOP2				  CODE	    000E	   7
OV				  BIT	      D2
P				  BIT	      D0
P0				  DATA	      80
P1				  DATA	      90
P2				  DATA	      A0
P3				  DATA	      B0
PCON				  DATA	      87
PS				  BIT	      BC
PSW				  DATA	      D0
PT0				  BIT	      B9
PT1				  BIT	      BB
PX0				  BIT	      B8
PX1				  BIT	      BA
RB8				  BIT	      9A
RD				  BIT	      B7
REN				  BIT	      9C
RESET				  CODE	    0000
RI				  BIT	      98
RS0				  BIT	      D3

ASEM-51 V1.3                                         Copyright (c) 2002 by W.W. Heinz                                         PAGE 3



SYMBOL				  TYPE     VALUE	LINE
------------------------------------------------------------
RS1				  BIT	      D4
RXD				  BIT	      B0
SBUF				  DATA	      99
SCON				  DATA	      98
SINT				  CODE	    0023
SM0				  BIT	      9F
SM1				  BIT	      9E
SM2				  BIT	      9D
SP				  DATA	      81
T0				  BIT	      B4
T1				  BIT	      B5
TB8				  BIT	      9B
TCON				  DATA	      88
TF0				  BIT	      8D
TF1				  BIT	      8F
TH0				  DATA	      8C
TH1				  DATA	      8D
TI				  BIT	      99
TIMER0				  CODE	    000B
TIMER1				  CODE	    001B
TL0				  DATA	      8A
TL1				  DATA	      8B
TMOD				  DATA	      89
TR0				  BIT	      8C
TR1				  BIT	      8E
TXD				  BIT	      B1
WR				  BIT	      B6
