C51 COMPILER V7.50   TEXT                                                                  05/28/2014 09:48:29 PAGE 1   


C51 COMPILER V7.50, COMPILATION OF MODULE TEXT
OBJECT MODULE PLACED IN text.OBJ
COMPILER INVOKED BY: C:\Program Files\keil\C51\BIN\C51.EXE text.c BROWSE DEBUG OBJECTEXTEND

line level    source

   1          #include<reg51.h>
   2          sbit P2_0=P2^0;
   3          unsigned char time;
   4          unsigned char period=5;
   5          unsigned char high=1;
   6          timer0 () interrupt 1{
   7   1              if(++time== high)P2_0=0;
   8   1              else if(time== period)
   9   1      { time=0; P2_0=1;}
  10   1      }
  11          main()
  12          {
  13   1              TMOD=0x02;
  14   1              TL0=0x38;
  15   1              EA=1;
  16   1              ET0=1;
  17   1              TR0=1;
  18   1      do{}while(1);
  19   1      }


MODULE INFORMATION:   STATIC OVERLAYABLE
   CODE SIZE        =     44    ----
   CONSTANT SIZE    =   ----    ----
   XDATA SIZE       =   ----    ----
   PDATA SIZE       =   ----    ----
   DATA SIZE        =      3    ----
   IDATA SIZE       =   ----    ----
   BIT SIZE         =   ----    ----
END OF MODULE INFORMATION.


C51 COMPILATION COMPLETE.  0 WARNING(S),  0 ERROR(S)
