Removed Pin From Net: NetName=GND Pin=R2-1
Removed Pin From Net: NetName=NetR2_2 Pin=R2-2
Removed Pin From Net: NetName=GND Pin=R3-1
Removed Pin From Net: NetName=NetR3_2 Pin=R3-2
Removed Pin From Net: NetName=VDD Pin=U2-14
Removed Pin From Net: NetName=NetU3_1 Pin=U3-1
Removed Pin From Net: NetName=NetU3_2 Pin=U3-2
Removed Pin From Net: NetName=NetR2_2 Pin=U3-3
Removed Pin From Net: NetName=GND Pin=U3-7
Removed Pin From Net: NetName=VDD Pin=U3-14
Removed Pin From Net: NetName=NetR2_2 Pin=U4-1
Removed Pin From Net: NetName=NetU4_2 Pin=U4-2
Removed Pin From Net: NetName=GND Pin=U4-3
Removed Pin From Net: NetName=GND Pin=U4-4
Removed Pin From Net: NetName=NetU3_1 Pin=U4-6
Removed Pin From Net: NetName=GND Pin=U4-9
Removed Pin From Net: NetName=+5 Pin=U4-10
Removed Pin From Net: NetName=NetU3_2 Pin=U4-11
Removed Pin From Net: NetName=GND Pin=U4-12
Removed Pin From Net: NetName=GND Pin=U4-13
Removed Pin From Net: NetName=NetU4_14 Pin=U4-14
Removed Pin From Net: NetName=NetR2_2 Pin=U5-1
Removed Pin From Net: NetName=NetU5_2 Pin=U5-2
Removed Pin From Net: NetName=GND Pin=U5-3
Removed Pin From Net: NetName=GND Pin=U5-4
Removed Pin From Net: NetName=GND Pin=U5-5
Removed Pin From Net: NetName=NetU5_6 Pin=U5-6
Removed Pin From Net: NetName=NetU5_7 Pin=U5-7
Removed Pin From Net: NetName=NetR3_2 Pin=U5-10
Removed Pin From Net: NetName=NetU5_11 Pin=U5-11
Removed Pin From Net: NetName=GND Pin=U5-12
Removed Pin From Net: NetName=GND Pin=U5-13
Removed Pin From Net: NetName=VDD Pin=U5-14
Removed Pin From Net: NetName=NetR3_2 Pin=U6-1
Removed Pin From Net: NetName=NetU6_2 Pin=U6-2
Removed Pin From Net: NetName=GND Pin=U6-3
Removed Pin From Net: NetName=GND Pin=U6-4
Removed Pin From Net: NetName=NetU6_6 Pin=U6-6
Removed Pin From Net: NetName=GND Pin=U6-9
Removed Pin From Net: NetName=+5 Pin=U6-10
Removed Pin From Net: NetName=NetU6_11 Pin=U6-11
Removed Pin From Net: NetName=GND Pin=U6-12
Removed Pin From Net: NetName=GND Pin=U6-13
Removed Pin From Net: NetName=NetU6_14 Pin=U6-14
Removed Pin From Net: NetName=NetR3_2 Pin=U7-1
Removed Pin From Net: NetName=GND Pin=U7-3
Removed Pin From Net: NetName=GND Pin=U7-4
Removed Pin From Net: NetName=GND Pin=U7-5
Removed Pin From Net: NetName=NetU6_6 Pin=U7-8
Removed Pin From Net: NetName=NetU5_11 Pin=U7-9
Removed Pin From Net: NetName=+5 Pin=U7-10
Removed Pin From Net: NetName=GND Pin=U7-12
Removed Pin From Net: NetName=GND Pin=U7-13
Removed Pin From Net: NetName=VDD Pin=U7-14
Added Pin To Net: NetName=GND Pin=R2-1
Added Pin To Net: NetName=NetR2_2 Pin=R2-2
Added Pin To Net: NetName=GND Pin=R3-1
Added Pin To Net: NetName=NetR3_2 Pin=R3-2
Added Pin To Net: NetName=NetR2_2 Pin=U2-1
Added Pin To Net: NetName=NetU2_14 Pin=U2-14
Added Pin To Net: NetName=NetU3_1 Pin=U3-1
Added Pin To Net: NetName=NetU3_2 Pin=U3-2
Added Pin To Net: NetName=NetR2_2 Pin=U3-3
Added Pin To Net: NetName=GND Pin=U3-7
Added Pin To Net: NetName=VDD Pin=U3-14
Added Pin To Net: NetName=NetR2_2 Pin=U4-1
Added Pin To Net: NetName=NetU4_2 Pin=U4-2
Added Pin To Net: NetName=GND Pin=U4-3
Added Pin To Net: NetName=GND Pin=U4-4
Added Pin To Net: NetName=NetU2_7 Pin=U4-5
Added Pin To Net: NetName=NetU3_1 Pin=U4-6
Added Pin To Net: NetName=GND Pin=U4-9
Added Pin To Net: NetName=+5 Pin=U4-10
Added Pin To Net: NetName=NetU3_2 Pin=U4-11
Added Pin To Net: NetName=GND Pin=U4-12
Added Pin To Net: NetName=GND Pin=U4-13
Added Pin To Net: NetName=NetU4_14 Pin=U4-14
Added Pin To Net: NetName=NetU1_1 Pin=U4-15
Added Pin To Net: NetName=NetR3_2 Pin=U5-1
Added Pin To Net: NetName=NetU5_2 Pin=U5-2
Added Pin To Net: NetName=GND Pin=U5-3
Added Pin To Net: NetName=GND Pin=U5-4
Added Pin To Net: NetName=GND Pin=U5-5
Added Pin To Net: NetName=NetU5_6 Pin=U5-6
Added Pin To Net: NetName=NetU5_7 Pin=U5-7
Added Pin To Net: NetName=GND Pin=U5-9
Added Pin To Net: NetName=+5 Pin=U5-10
Added Pin To Net: NetName=NetU5_11 Pin=U5-11
Added Pin To Net: NetName=GND Pin=U5-12
Added Pin To Net: NetName=GND Pin=U5-13
Added Pin To Net: NetName=NetU5_14 Pin=U5-14
Added Pin To Net: NetName=NetR2_2 Pin=U5-15
Added Pin To Net: NetName=NetR3_2 Pin=U6-1
Added Pin To Net: NetName=NetU6_2 Pin=U6-2
Added Pin To Net: NetName=GND Pin=U6-3
Added Pin To Net: NetName=GND Pin=U6-4
Added Pin To Net: NetName=NetU5_7 Pin=U6-5
Added Pin To Net: NetName=NetU6_6 Pin=U6-6
Added Pin To Net: NetName=GND Pin=U6-9
Added Pin To Net: NetName=+5 Pin=U6-10
Added Pin To Net: NetName=NetU6_11 Pin=U6-11
Added Pin To Net: NetName=GND Pin=U6-12
Added Pin To Net: NetName=GND Pin=U6-13
Added Pin To Net: NetName=NetU6_14 Pin=U6-14
Added Pin To Net: NetName=NetR2_2 Pin=U6-15
Added Pin To Net: NetName=GND Pin=U7-7
Added Pin To Net: NetName=NetU6_6 Pin=U7-8
Added Pin To Net: NetName=NetU5_11 Pin=U7-9
Added Pin To Net: NetName=NetR3_2 Pin=U7-10
Added Pin To Net: NetName=VDD Pin=U7-14
Added Pin To Net: NetName=NetU3_2 Pin=U9-1
Added Pin To Net: NetName=NetU3_1 Pin=U9-7
