C51 COMPILER V7.50   EXAMPLE                                                               05/21/2014 09:33:51 PAGE 1   


C51 COMPILER V7.50, COMPILATION OF MODULE EXAMPLE
OBJECT MODULE PLACED IN example.OBJ
COMPILER INVOKED BY: C:\Program Files\keil\C51\BIN\C51.EXE example.c BROWSE DEBUG OBJECTEXTEND

line level    source

   1          #include<reg51.h>
   2          #define unchar unsigned char  
   3          unchar DispTab[]={0x3f,0x06,0x5b,0x4f,0x66,0x6d,0x7d,0x07,0x7f,0x6f};
   4          unchar i;
   5          unchar count;
   6          void timer0 (void) interrupt 1
   7          {  
   8   1         
   9   1         TH0=-50000/256;
  10   1         TL0=-50000%256;
  11   1         i++;
  12   1         if (i==20)
  13   1         {
  14   2         i=0;  count++;
  15   2         }
  16   1         if (count==60) count=0;
  17   1         P0=DispTab[count/10];
  18   1         P2=DispTab[count%10];
  19   1      
  20   1         }
  21             
  22          void main ( )
  23          {
  24   1         TMOD=0x01;
  25   1         TH0=-50000/256;
  26   1         TL0=-50000%256;
  27   1         P0=DispTab[count/10];
  28   1         P2=DispTab[count%10];
  29   1         EA=1;
  30   1         ET0=1;
  31   1         TR0=1;
  32   1         do{}while(1);
  33   1       }


MODULE INFORMATION:   STATIC OVERLAYABLE
   CODE SIZE        =    115    ----
   CONSTANT SIZE    =   ----    ----
   XDATA SIZE       =   ----    ----
   PDATA SIZE       =   ----    ----
   DATA SIZE        =     12    ----
   IDATA SIZE       =   ----    ----
   BIT SIZE         =   ----    ----
END OF MODULE INFORMATION.


C51 COMPILATION COMPLETE.  0 WARNING(S),  0 ERROR(S)
