EDA Netlist Writer report for DFF2
Wed Apr 13 10:02:36 2016
Quartus II Version 9.1 Build 222 10/21/2009 SJ Full Version


---------------------
; Table of Contents ;
---------------------
  1. Legal Notice
  2. EDA Netlist Writer Summary
  3. EDA Netlist Writer Messages



----------------
; Legal Notice ;
----------------
Copyright (C) 1991-2009 Altera Corporation
Your use of Altera Corporation's design tools, logic functions 
and other software and tools, and its AMPP partner logic 
functions, and any output files from any of the foregoing 
(including device programming or simulation files), and any 
associated documentation or information are expressly subject 
to the terms and conditions of the Altera Program License 
Subscription Agreement, Altera MegaCore Function License 
Agreement, or other applicable license agreement, including, 
without limitation, that your use is for the sole purpose of 
programming logic devices manufactured by Altera and sold by 
Altera or its authorized distributors.  Please refer to the 
applicable agreement for further details.



+----------------------------------------------------------------------------------+
; EDA Netlist Writer Summary                                                       ;
+---------------------------+------------------------------------------------------+
; EDA Netlist Writer Status ; No Output Files Generated - Wed Apr 13 10:02:36 2016 ;
; Revision Name             ; DFF2                                                 ;
; Top-level Entity Name     ; DFF2                                                 ;
; Family                    ; Stratix II                                           ;
+---------------------------+------------------------------------------------------+


+-----------------------------+
; EDA Netlist Writer Messages ;
+-----------------------------+
Info: *******************************************************************
Info: Running Quartus II EDA Netlist Writer
    Info: Version 9.1 Build 222 10/21/2009 SJ Full Version
    Info: Processing started: Wed Apr 13 10:02:32 2016
Info: Command: quartus_eda --read_settings_files=on --write_settings_files=off DFF2 -c DFF2
Info: Automatically selected device EP2S15F484C3 for design DFF2
Warning: Can't generate output files. Specify command-line options to generate output files, or update EDA tool settings using GUI or Tcl script.
Info: Quartus II EDA Netlist Writer was successful. 0 errors, 1 warning
    Info: Peak virtual memory: 196 megabytes
    Info: Processing ended: Wed Apr 13 10:02:36 2016
    Info: Elapsed time: 00:00:04
    Info: Total CPU time (on all processors): 00:00:01


