Flow report for SCHK
Wed May 18 14:33:34 2016
Quartus II Version 9.1 Build 304 01/25/2010 Service Pack 1 SJ Full Version


---------------------
; Table of Contents ;
---------------------
  1. Legal Notice
  2. Flow Summary
  3. Flow Settings
  4. Flow Non-Default Global Settings
  5. Flow Elapsed Time
  6. Flow OS Summary
  7. Flow Log



----------------
; Legal Notice ;
----------------
Copyright (C) 1991-2010 Altera Corporation
Your use of Altera Corporation's design tools, logic functions 
and other software and tools, and its AMPP partner logic 
functions, and any output files from any of the foregoing 
(including device programming or simulation files), and any 
associated documentation or information are expressly subject 
to the terms and conditions of the Altera Program License 
Subscription Agreement, Altera MegaCore Function License 
Agreement, or other applicable license agreement, including, 
without limitation, that your use is for the sole purpose of 
programming logic devices manufactured by Altera and sold by 
Altera or its authorized distributors.  Please refer to the 
applicable agreement for further details.



+------------------------------------------------------------------------------------+
; Flow Summary                                                                       ;
+------------------------------------+-----------------------------------------------+
; Flow Status                        ; Successful - Wed May 18 14:33:33 2016         ;
; Quartus II Version                 ; 9.1 Build 304 01/25/2010 SP 1 SJ Full Version ;
; Revision Name                      ; SCHK                                          ;
; Top-level Entity Name              ; EDA                                           ;
; Family                             ; Cyclone III                                   ;
; Device                             ; EP3C5E144C8                                   ;
; Timing Models                      ; Final                                         ;
; Met timing requirements            ; N/A                                           ;
; Total logic elements               ; 23 / 5,136 ( < 1 % )                          ;
;     Total combinational functions  ; 23 / 5,136 ( < 1 % )                          ;
;     Dedicated logic registers      ; 21 / 5,136 ( < 1 % )                          ;
; Total registers                    ; 21                                            ;
; Total pins                         ; 11 / 95 ( 12 % )                              ;
; Total virtual pins                 ; 0                                             ;
; Total memory bits                  ; 0 / 423,936 ( 0 % )                           ;
; Embedded Multiplier 9-bit elements ; 0 / 46 ( 0 % )                                ;
; Total PLLs                         ; 0 / 2 ( 0 % )                                 ;
+------------------------------------+-----------------------------------------------+


+-----------------------------------------+
; Flow Settings                           ;
+-------------------+---------------------+
; Option            ; Setting             ;
+-------------------+---------------------+
; Start date & time ; 05/18/2016 14:33:24 ;
; Main task         ; Compilation         ;
; Revision Name     ; SCHK                ;
+-------------------+---------------------+


+----------------------------------------------------------------------------------------------------------------------------------------------------+
; Flow Non-Default Global Settings                                                                                                                   ;
+------------------------------------+----------------------------------------------------------------+---------------+-------------+----------------+
; Assignment Name                    ; Value                                                          ; Default Value ; Entity Name ; Section Id     ;
+------------------------------------+----------------------------------------------------------------+---------------+-------------+----------------+
; COMPILER_SIGNATURE_ID              ; 75006879259848.146355320401832                                 ; --            ; --          ; --             ;
; MAX_CORE_JUNCTION_TEMP             ; 85                                                             ; --            ; --          ; --             ;
; MIN_CORE_JUNCTION_TEMP             ; 0                                                              ; --            ; --          ; --             ;
; MISC_FILE                          ; C:/Documents and Settings/Administrator/×ÀÃæ/XuLieJCQ/SCHK.dpf ; --            ; --          ; --             ;
; NOMINAL_CORE_SUPPLY_VOLTAGE        ; 1.2V                                                           ; --            ; --          ; --             ;
; PARTITION_COLOR                    ; 16764057                                                       ; --            ; EDA         ; Top            ;
; PARTITION_NETLIST_TYPE             ; SOURCE                                                         ; --            ; EDA         ; Top            ;
; TOP_LEVEL_ENTITY                   ; EDA                                                            ; SCHK          ; --          ; --             ;
; USE_GENERATED_PHYSICAL_CONSTRAINTS ; Off                                                            ; --            ; --          ; eda_blast_fpga ;
+------------------------------------+----------------------------------------------------------------+---------------+-------------+----------------+


+-------------------------------------------------------------------------------------------------------------------------------+
; Flow Elapsed Time                                                                                                             ;
+---------------------------+--------------+-------------------------+---------------------+------------------------------------+
; Module Name               ; Elapsed Time ; Average Processors Used ; Peak Virtual Memory ; Total CPU Time (on all processors) ;
+---------------------------+--------------+-------------------------+---------------------+------------------------------------+
; Analysis & Synthesis      ; 00:00:01     ; 1.0                     ; 167 MB              ; 00:00:01                           ;
; Fitter                    ; 00:00:04     ; 1.4                     ; 237 MB              ; 00:00:04                           ;
; TimeQuest Timing Analyzer ; 00:00:03     ; 1.0                     ; 175 MB              ; 00:00:02                           ;
; Assembler                 ; 00:00:02     ; 1.0                     ; 165 MB              ; 00:00:01                           ;
; Total                     ; 00:00:08     ; --                      ; --                  ; 00:00:07                           ;
+---------------------------+--------------+-------------------------+---------------------+------------------------------------+


+-----------------------------------------------------------------------------------------+
; Flow OS Summary                                                                         ;
+---------------------------+------------------+------------+------------+----------------+
; Module Name               ; Machine Hostname ; OS Name    ; OS Version ; Processor type ;
+---------------------------+------------------+------------+------------+----------------+
; Analysis & Synthesis      ; hzdz115          ; Windows XP ; 5.1        ; i686           ;
; Fitter                    ; hzdz115          ; Windows XP ; 5.1        ; i686           ;
; Assembler                 ; hzdz115          ; Windows XP ; 5.1        ; i686           ;
; TimeQuest Timing Analyzer ; hzdz115          ; Windows XP ; 5.1        ; i686           ;
+---------------------------+------------------+------------+------------+----------------+


------------
; Flow Log ;
------------
quartus_map --read_settings_files=on --write_settings_files=off SCHK -c SCHK
quartus_fit --read_settings_files=off --write_settings_files=off SCHK -c SCHK
quartus_asm --read_settings_files=off --write_settings_files=off SCHK -c SCHK
quartus_sta SCHK -c SCHK



