Flow report for SIN_GNT
Tue May 10 23:12:49 2016
Quartus II 64-Bit Version 9.1 Build 222 10/21/2009 SJ Full Version


---------------------
; Table of Contents ;
---------------------
  1. Legal Notice
  2. Flow Summary
  3. Flow Settings
  4. Flow Non-Default Global Settings
  5. Flow Elapsed Time
  6. Flow OS Summary
  7. Flow Log



----------------
; Legal Notice ;
----------------
Copyright (C) 1991-2009 Altera Corporation
Your use of Altera Corporation's design tools, logic functions 
and other software and tools, and its AMPP partner logic 
functions, and any output files from any of the foregoing 
(including device programming or simulation files), and any 
associated documentation or information are expressly subject 
to the terms and conditions of the Altera Program License 
Subscription Agreement, Altera MegaCore Function License 
Agreement, or other applicable license agreement, including, 
without limitation, that your use is for the sole purpose of 
programming logic devices manufactured by Altera and sold by 
Altera or its authorized distributors.  Please refer to the 
applicable agreement for further details.



+-------------------------------------------------------------------------------+
; Flow Summary                                                                  ;
+------------------------------------+------------------------------------------+
; Flow Status                        ; Successful - Tue May 10 23:12:20 2016    ;
; Quartus II 64-Bit Version          ; 9.1 Build 222 10/21/2009 SJ Full Version ;
; Revision Name                      ; SIN_GNT                                  ;
; Top-level Entity Name              ; SIN_GNT                                  ;
; Family                             ; Cyclone III                              ;
; Device                             ; EP3C5E144C8                              ;
; Timing Models                      ; Final                                    ;
; Met timing requirements            ; N/A                                      ;
; Total logic elements               ; 7 / 5,136 ( < 1 % )                      ;
;     Total combinational functions  ; 7 / 5,136 ( < 1 % )                      ;
;     Dedicated logic registers      ; 7 / 5,136 ( < 1 % )                      ;
; Total registers                    ; 7                                        ;
; Total pins                         ; 18 / 95 ( 19 % )                         ;
; Total virtual pins                 ; 0                                        ;
; Total memory bits                  ; 1,024 / 423,936 ( < 1 % )                ;
; Embedded Multiplier 9-bit elements ; 0 / 46 ( 0 % )                           ;
; Total PLLs                         ; 0 / 2 ( 0 % )                            ;
+------------------------------------+------------------------------------------+


+-----------------------------------------+
; Flow Settings                           ;
+-------------------+---------------------+
; Option            ; Setting             ;
+-------------------+---------------------+
; Start date & time ; 05/10/2016 23:10:29 ;
; Main task         ; Compilation         ;
; Revision Name     ; SIN_GNT             ;
+-------------------+---------------------+


+-------------------------------------------------------------------------------------------------------------------+
; Flow Non-Default Global Settings                                                                                  ;
+------------------------------------+-------------------------------+---------------+-------------+----------------+
; Assignment Name                    ; Value                         ; Default Value ; Entity Name ; Section Id     ;
+------------------------------------+-------------------------------+---------------+-------------+----------------+
; COMPILER_SIGNATURE_ID              ; 8796755728283.146289302905104 ; --            ; --          ; --             ;
; IP_TOOL_NAME                       ; ROM: 1-PORT                   ; --            ; --          ; --             ;
; IP_TOOL_VERSION                    ; 9.1                           ; --            ; --          ; --             ;
; MAX_CORE_JUNCTION_TEMP             ; 85                            ; --            ; --          ; --             ;
; MIN_CORE_JUNCTION_TEMP             ; 0                             ; --            ; --          ; --             ;
; MISC_FILE                          ; SIN_PL_bb.v                   ; --            ; --          ; --             ;
; MISC_FILE                          ; SIN_PL.cmp                    ; --            ; --          ; --             ;
; MISC_FILE                          ; SIN_PL_syn.v                  ; --            ; --          ; --             ;
; NOMINAL_CORE_SUPPLY_VOLTAGE        ; 1.2V                          ; --            ; --          ; --             ;
; PARTITION_COLOR                    ; 16764057                      ; --            ; --          ; Top            ;
; PARTITION_NETLIST_TYPE             ; SOURCE                        ; --            ; --          ; Top            ;
; USE_GENERATED_PHYSICAL_CONSTRAINTS ; Off                           ; --            ; --          ; eda_blast_fpga ;
+------------------------------------+-------------------------------+---------------+-------------+----------------+


+-------------------------------------------------------------------------------------------------------------------------------+
; Flow Elapsed Time                                                                                                             ;
+---------------------------+--------------+-------------------------+---------------------+------------------------------------+
; Module Name               ; Elapsed Time ; Average Processors Used ; Peak Virtual Memory ; Total CPU Time (on all processors) ;
+---------------------------+--------------+-------------------------+---------------------+------------------------------------+
; Analysis & Synthesis      ; 00:00:29     ; 1.0                     ; 286 MB              ; 00:00:01                           ;
; Fitter                    ; 00:00:39     ; 1.0                     ; 358 MB              ; 00:00:04                           ;
; TimeQuest Timing Analyzer ; 00:00:50     ; 1.0                     ; 278 MB              ; 00:00:02                           ;
; Assembler                 ; 00:00:11     ; 1.0                     ; 253 MB              ; 00:00:01                           ;
; Total                     ; 00:01:58     ; --                      ; --                  ; 00:00:07                           ;
+---------------------------+--------------+-------------------------+---------------------+------------------------------------+


+--------------------------------------------------------------------------------------------+
; Flow OS Summary                                                                            ;
+---------------------------+------------------+---------------+------------+----------------+
; Module Name               ; Machine Hostname ; OS Name       ; OS Version ; Processor type ;
+---------------------------+------------------+---------------+------------+----------------+
; Analysis & Synthesis      ; WinPC            ; Windows Vista ; 6.2        ; x86_64         ;
; Fitter                    ; WinPC            ; Windows Vista ; 6.2        ; x86_64         ;
; Assembler                 ; WinPC            ; Windows Vista ; 6.2        ; x86_64         ;
; TimeQuest Timing Analyzer ; WinPC            ; Windows Vista ; 6.2        ; x86_64         ;
+---------------------------+------------------+---------------+------------+----------------+


------------
; Flow Log ;
------------
quartus_map --read_settings_files=on --write_settings_files=off SIN_GNT -c SIN_GNT
quartus_fit --read_settings_files=off --write_settings_files=off SIN_GNT -c SIN_GNT
quartus_asm --read_settings_files=off --write_settings_files=off SIN_GNT -c SIN_GNT
quartus_sta SIN_GNT -c SIN_GNT



