C51 COMPILER V7.50   1                                                                     05/07/2014 09:17:06 PAGE 1   


C51 COMPILER V7.50, COMPILATION OF MODULE 1
OBJECT MODULE PLACED IN 1.OBJ
COMPILER INVOKED BY: C:\Program Files (x86)\Keil\C51\BIN\C51.EXE 1.c BROWSE DEBUG OBJECTEXTEND

line level    source

   1          #include"reg51.h"
   2          void delay(unsigned int time){
   3   1              unsigned int j=0;
   4   1              for(time=time;time>0;time--)
   5   1                      for(j=0;j<125;j++);
   6   1      }
   7          void main(){
   8   1              unsigned char i;
   9   1              P0=1;
  10   1              delay(50);
  11   1              while(1){
  12   2                                      for(i=1;i<=7;i++){
  13   3                              P0_0=1;
*** ERROR C202 IN LINE 13 OF 1.C: 'P0_0': undefined identifier
  14   3                              P0>>=1;
  15   3                              delay(50);
  16   3                      }
  17   2                      for(i=1;i<=7;i++){
  18   3                              P0_7=1;
*** ERROR C202 IN LINE 18 OF 1.C: 'P0_7': undefined identifier
  19   3                              P0<<=1;
  20   3                              delay(50);
  21   3                      }
  22   2              }
  23   1      }

C51 COMPILATION COMPLETE.  0 WARNING(S),  2 ERROR(S)
